Configuring distributed-process-client-server-0.2.3...
Building distributed-process-client-server-0.2.3...
Preprocessing library distributed-process-client-server-0.2.3...
[ 1 of 11] Compiling Control.Distributed.Process.ManagedProcess.Timer ( src\Control\Distributed\Process\ManagedProcess\Timer.hs, .stack-work\dist\ca59d0ab\build\Control\Distributed\Process\ManagedProcess\Timer.o )
[ 2 of 11] Compiling Control.Distributed.Process.ManagedProcess.Internal.PriorityQueue ( src\Control\Distributed\Process\ManagedProcess\Internal\PriorityQueue.hs, .stack-work\dist\ca59d0ab\build\Control\Distributed\Process\ManagedProcess\Internal\PriorityQueue.o )
[ 3 of 11] Compiling Control.Distributed.Process.ManagedProcess.Internal.Types ( src\Control\Distributed\Process\ManagedProcess\Internal\Types.hs, .stack-work\dist\ca59d0ab\build\Control\Distributed\Process\ManagedProcess\Internal\Types.o )
[ 4 of 11] Compiling Control.Distributed.Process.ManagedProcess.Server ( src\Control\Distributed\Process\ManagedProcess\Server.hs, .stack-work\dist\ca59d0ab\build\Control\Distributed\Process\ManagedProcess\Server.o )

src\Control\Distributed\Process\ManagedProcess\Server.hs:221:27: warning: [-Wname-shadowing]
    This binding for `tag' shadows the existing binding
      imported from `Control.Distributed.Process.ManagedProcess.Internal.Types' at src\Control\Distributed\Process\ManagedProcess\Server.hs:81:1-86
      (and originally defined
         at src\Control\Distributed\Process\ManagedProcess\Internal\Types.hs:149:1-3)
[ 5 of 11] Compiling Control.Distributed.Process.ManagedProcess.Server.Restricted ( src\Control\Distributed\Process\ManagedProcess\Server\Restricted.hs, .stack-work\dist\ca59d0ab\build\Control\Distributed\Process\ManagedProcess\Server\Restricted.o )
[ 6 of 11] Compiling Control.Distributed.Process.ManagedProcess.UnsafeClient ( src\Control\Distributed\Process\ManagedProcess\UnsafeClient.hs, .stack-work\dist\ca59d0ab\build\Control\Distributed\Process\ManagedProcess\UnsafeClient.o )
[ 7 of 11] Compiling Control.Distributed.Process.ManagedProcess.Internal.GenProcess ( src\Control\Distributed\Process\ManagedProcess\Internal\GenProcess.hs, .stack-work\dist\ca59d0ab\build\Control\Distributed\Process\ManagedProcess\Internal\GenProcess.o )
[ 8 of 11] Compiling Control.Distributed.Process.ManagedProcess.Server.Gen ( src\Control\Distributed\Process\ManagedProcess\Server\Gen.hs, .stack-work\dist\ca59d0ab\build\Control\Distributed\Process\ManagedProcess\Server\Gen.o )

src\Control\Distributed\Process\ManagedProcess\Server\Gen.hs:84:1: warning: [-Wunused-imports]
    The qualified import of `GenProcess'
    from module `Control.Distributed.Process.ManagedProcess.Internal.GenProcess' is redundant
[ 9 of 11] Compiling Control.Distributed.Process.ManagedProcess.Server.Priority ( src\Control\Distributed\Process\ManagedProcess\Server\Priority.hs, .stack-work\dist\ca59d0ab\build\Control\Distributed\Process\ManagedProcess\Server\Priority.o )
[10 of 11] Compiling Control.Distributed.Process.ManagedProcess.Client ( src\Control\Distributed\Process\ManagedProcess\Client.hs, .stack-work\dist\ca59d0ab\build\Control\Distributed\Process\ManagedProcess\Client.o )
[11 of 11] Compiling Control.Distributed.Process.ManagedProcess ( src\Control\Distributed\Process\ManagedProcess.hs, .stack-work\dist\ca59d0ab\build\Control\Distributed\Process\ManagedProcess.o )

src\Control\Distributed\Process\ManagedProcess.hs:654:1: warning: [-Wunused-imports]
    The qualified import of `Control.Distributed.Process.ManagedProcess.Server.Restricted' is redundant
      except perhaps to import instances from `Control.Distributed.Process.ManagedProcess.Server.Restricted'
    To import instances alone, use: import Control.Distributed.Process.ManagedProcess.Server.Restricted()
Installing library in C:\Users\jonat\Desktop\Nova
pasta\chat-haskell\.stack-work\install\fab39206\lib\x86_64-windows-ghc-8.0.2\distributed-process-client-server-0.2.3-8kxGpVvO3U0Il499I2gK12
Registering distributed-process-client-server-0.2.3...
